<?xml version="1.0" encoding="UTF-8"?>
<!-- Generated by org.testng.reporters.JUnitReportReporter -->
<testsuite hostname="LAPTOP-LNHNK8AL" failures="0" tests="4" name="Test_Script.Show_Hide_Dimensions" time="20.150" errors="0" timestamp="08 Nov 2024 06:24:24 GMT" skipped="0">
  <testcase classname="Test_Script.Show_Hide_Dimensions" name="Login" time="4.289"/>
  <testcase classname="Test_Script.Show_Hide_Dimensions" name="uploadFile" time="6.993"/>
  <testcase classname="Test_Script.Show_Hide_Dimensions" name="showDimensions" time="6.172"/>
  <testcase classname="Test_Script.Show_Hide_Dimensions" name="HideDimensions" time="2.696"/>
</testsuite> <!-- Test_Script.Show_Hide_Dimensions -->
