<?xml version="1.0" encoding="UTF-8"?>
<!-- Generated by org.testng.reporters.JUnitReportReporter -->
<testsuite hostname="LAPTOP-LNHNK8AL" failures="0" tests="4" name="Test_Script.Machining_Chart_IDs" time="20.065" errors="0" timestamp="08 Nov 2024 06:24:24 GMT" skipped="0">
  <testcase classname="Test_Script.Machining_Chart_IDs" name="login" time="4.328"/>
  <testcase classname="Test_Script.Machining_Chart_IDs" name="upload" time="6.309"/>
  <testcase classname="Test_Script.Machining_Chart_IDs" name="showDimension" time="4.937"/>
  <testcase classname="Test_Script.Machining_Chart_IDs" name="showMachiningID" time="4.491"/>
</testsuite> <!-- Test_Script.Machining_Chart_IDs -->
