<?xml version="1.0" encoding="UTF-8"?>
<!-- Generated by org.testng.reporters.JUnitReportReporter -->
<testsuite hostname="LAPTOP-LNHNK8AL" failures="0" tests="2" name="Test_Script.UploadFile" time="16.384" errors="0" timestamp="08 Nov 2024 06:24:24 GMT" skipped="0">
  <testcase classname="Test_Script.UploadFile" name="Login" time="7.301"/>
  <testcase classname="Test_Script.UploadFile" name="uploadFile" time="9.083"/>
</testsuite> <!-- Test_Script.UploadFile -->
