<?xml version="1.0" encoding="UTF-8"?>
<!-- Generated by org.testng.reporters.JUnitReportReporter -->
<testsuite hostname="LAPTOP-LNHNK8AL" failures="0" tests="2" name="Test_Script.Invalid_Login" time="23.708" errors="0" timestamp="07 Nov 2024 09:59:20 GMT" skipped="0">
  <testcase classname="Test_Script.Invalid_Login" name="invalidLogin" time="12.713"/>
  <testcase classname="Test_Script.Invalid_Login" name="invalidLogin" time="10.995"/>
</testsuite> <!-- Test_Script.Invalid_Login -->
