<?xml version="1.0" encoding="UTF-8"?>
<!-- Generated by org.testng.reporters.JUnitReportReporter -->
<testsuite hostname="LAPTOP-LNHNK8AL" failures="0" tests="5" name="Test_Script.Projections_1st_3rd" time="19.922" errors="0" timestamp="08 Nov 2024 06:24:24 GMT" skipped="0">
  <testcase classname="Test_Script.Projections_1st_3rd" name="login" time="4.365"/>
  <testcase classname="Test_Script.Projections_1st_3rd" name="upload" time="6.361"/>
  <testcase classname="Test_Script.Projections_1st_3rd" name="showDimension" time="3.327"/>
  <testcase classname="Test_Script.Projections_1st_3rd" name="showMachiningID" time="3.151"/>
  <testcase classname="Test_Script.Projections_1st_3rd" name="projections1st_3rd" time="2.718"/>
</testsuite> <!-- Test_Script.Projections_1st_3rd -->
