<?xml version="1.0" encoding="UTF-8"?>
<!-- Generated by org.testng.reporters.JUnitReportReporter -->
<testsuite hostname="LAPTOP-LNHNK8AL" failures="0" tests="2" name="Test_Script.InvalidLogin" time="25.271" errors="0" timestamp="05 Nov 2024 09:31:24 GMT" skipped="0">
  <testcase classname="Test_Script.InvalidLogin" name="invalidLogin" time="11.751"/>
  <testcase classname="Test_Script.InvalidLogin" name="invalidLogin" time="13.520"/>
</testsuite> <!-- Test_Script.InvalidLogin -->
