<?xml version="1.0" encoding="UTF-8"?>
<!-- Generated by org.testng.reporters.JUnitReportReporter -->
<testsuite hostname="LAPTOP-LNHNK8AL" failures="0" tests="1" name="Test_Script.Login" time="8.035" errors="0" timestamp="08 Nov 2024 06:24:24 GMT" skipped="0">
  <testcase classname="Test_Script.Login" name="Login1" time="8.035"/>
</testsuite> <!-- Test_Script.Login -->
