<?xml version="1.0" encoding="UTF-8"?>
<!-- Generated by org.testng.reporters.JUnitReportReporter -->
<testsuite hostname="LAPTOP-LNHNK8AL" failures="0" tests="6" name="Test_Script.Download" time="20.687" errors="0" timestamp="08 Nov 2024 06:24:24 GMT" skipped="0">
  <testcase classname="Test_Script.Download" name="login" time="5.287"/>
  <testcase classname="Test_Script.Download" name="upload" time="6.401"/>
  <testcase classname="Test_Script.Download" name="showDimension" time="3.222"/>
  <testcase classname="Test_Script.Download" name="showMachiningID" time="3.519"/>
  <testcase classname="Test_Script.Download" name="projections1st_3rd" time="1.259"/>
  <testcase classname="Test_Script.Download" name="download" time="0.999"/>
</testsuite> <!-- Test_Script.Download -->
